2026-01-16 02:59:13,840 - INFO - Database initialized
2026-01-16 02:59:16,109 - INFO - Initialized Kraken exchange
2026-01-16 02:59:16,169 - INFO - Database initialized
2026-01-16 02:59:16,169 - INFO - 🚀 Piv X Signal Bot started
2026-01-16 02:59:16,169 - INFO - Scanning: BTCUSDT, SOLUSDT, ETHUSDT
2026-01-16 02:59:16,169 - INFO - Scan schedule: every hour at :55 UTC
2026-01-16 02:59:16,190 - INFO - ==================================================
2026-01-16 02:59:16,190 - INFO - Starting scheduled scan...
2026-01-16 02:59:16,190 - INFO - Scanning BTCUSDT...
2026-01-16 02:59:18,941 - INFO - Scanning SOLUSDT...
2026-01-16 02:59:21,374 - INFO - Scanning ETHUSDT...
2026-01-16 02:59:27,274 - INFO - Scan complete. Next scan in 55 minutes
2026-01-16 02:59:27,275 - INFO - ==================================================
2026-01-16 03:54:59,352 - INFO - ==================================================
2026-01-16 03:54:59,354 - INFO - Starting scheduled scan...
2026-01-16 03:54:59,354 - INFO - Scanning BTCUSDT...
2026-01-16 03:55:01,034 - INFO - Scanning SOLUSDT...
2026-01-16 03:55:03,423 - INFO - New signal: SOLUSDT_short_HIGH_143
2026-01-16 03:55:04,425 - INFO - Scanning ETHUSDT...
2026-01-16 03:55:06,282 - INFO - ✅ Sent SETUP card for SOL
2026-01-16 03:55:12,609 - INFO - ✅ Sent ENTRY card for SOL
2026-01-16 03:55:12,616 - INFO - Scan complete. Next scan in 59 minutes
2026-01-16 03:55:12,616 - INFO - ==================================================
2026-01-16 04:54:59,585 - INFO - ==================================================
2026-01-16 04:54:59,589 - INFO - Starting scheduled scan...
2026-01-16 04:54:59,589 - INFO - Scanning BTCUSDT...
2026-01-16 04:55:01,377 - INFO - Scanning SOLUSDT...
2026-01-16 04:55:03,728 - INFO - Trade SOLUSDT_short_HIGH_143 still valid
2026-01-16 04:55:04,731 - INFO - Scanning ETHUSDT...
2026-01-16 04:55:06,701 - INFO - ✅ Sent hourly update card
2026-01-16 04:55:09,933 - INFO - Scan complete. Next scan in 59 minutes
2026-01-16 04:55:09,933 - INFO - ==================================================
2026-01-16 05:54:59,957 - INFO - ==================================================
2026-01-16 05:54:59,961 - INFO - Starting scheduled scan...
2026-01-16 05:54:59,962 - INFO - Scanning BTCUSDT...
2026-01-16 05:55:01,653 - INFO - Scanning SOLUSDT...
2026-01-16 05:55:03,816 - INFO - Trade SOLUSDT_short_HIGH_143 still valid
2026-01-16 05:55:04,822 - INFO - Scanning ETHUSDT...
2026-01-16 05:55:06,636 - INFO - ✅ Sent hourly update card
2026-01-16 05:55:09,963 - INFO - Scan complete. Next scan in 59 minutes
2026-01-16 05:55:09,964 - INFO - ==================================================
2026-01-16 06:54:59,931 - INFO - ==================================================
2026-01-16 06:54:59,938 - INFO - Starting scheduled scan...
2026-01-16 06:54:59,940 - INFO - Scanning BTCUSDT...
2026-01-16 06:55:01,632 - INFO - Scanning SOLUSDT...
2026-01-16 06:55:04,366 - INFO - Scanning ETHUSDT...
2026-01-16 06:55:09,639 - INFO - Scan complete. Next scan in 59 minutes
2026-01-16 06:55:09,639 - INFO - ==================================================
2026-01-16 07:54:59,573 - INFO - ==================================================
2026-01-16 07:54:59,576 - INFO - Starting scheduled scan...
2026-01-16 07:54:59,578 - INFO - Scanning BTCUSDT...
2026-01-16 07:55:01,221 - INFO - Scanning SOLUSDT...
2026-01-16 07:55:03,765 - INFO - Scanning ETHUSDT...
2026-01-16 07:55:10,072 - INFO - ✅ Sent OPEN card for SOL
2026-01-16 07:55:10,499 - INFO - Scan complete. Next scan in 59 minutes
2026-01-16 07:55:10,499 - INFO - ==================================================
2026-01-16 08:54:59,463 - INFO - ==================================================
2026-01-16 08:54:59,467 - INFO - Starting scheduled scan...
2026-01-16 08:54:59,469 - INFO - Scanning BTCUSDT...
2026-01-16 08:55:01,122 - INFO - Scanning SOLUSDT...
2026-01-16 08:55:03,441 - INFO - Scanning ETHUSDT...
2026-01-16 08:55:09,488 - INFO - Scan complete. Next scan in 59 minutes
2026-01-16 08:55:09,488 - INFO - ==================================================
2026-01-16 09:54:59,520 - INFO - ==================================================
2026-01-16 09:54:59,526 - INFO - Starting scheduled scan...
2026-01-16 09:54:59,526 - INFO - Scanning BTCUSDT...
2026-01-16 09:55:01,154 - INFO - Scanning SOLUSDT...
2026-01-16 09:55:03,437 - INFO - Scanning ETHUSDT...
2026-01-16 09:55:09,280 - INFO - Scan complete. Next scan in 59 minutes
2026-01-16 09:55:09,280 - INFO - ==================================================
2026-01-16 10:54:59,228 - INFO - ==================================================
2026-01-16 10:54:59,233 - INFO - Starting scheduled scan...
2026-01-16 10:54:59,233 - INFO - Scanning BTCUSDT...
2026-01-16 10:55:00,756 - INFO - Scanning SOLUSDT...
2026-01-16 10:55:03,179 - INFO - New signal: SOLUSDT_long_LOW_137
2026-01-16 10:55:04,182 - INFO - Scanning ETHUSDT...
2026-01-16 10:55:06,175 - INFO - ✅ Sent SETUP card for SOL
2026-01-16 10:55:10,074 - INFO - Scan complete. Next scan in 59 minutes
2026-01-16 10:55:10,076 - INFO - ==================================================
2026-01-16 11:54:59,061 - INFO - ==================================================
2026-01-16 11:54:59,064 - INFO - Starting scheduled scan...
2026-01-16 11:54:59,064 - INFO - Scanning BTCUSDT...
2026-01-16 11:55:00,533 - INFO - Scanning SOLUSDT...
2026-01-16 11:55:02,993 - INFO - Scanning ETHUSDT...
2026-01-16 11:55:08,909 - INFO - Scan complete. Next scan in 59 minutes
2026-01-16 11:55:08,910 - INFO - ==================================================
2026-01-16 12:54:59,848 - INFO - ==================================================
2026-01-16 12:54:59,852 - INFO - Starting scheduled scan...
2026-01-16 12:54:59,853 - INFO - Scanning BTCUSDT...
2026-01-16 12:55:01,676 - INFO - Scanning SOLUSDT...
2026-01-16 12:55:03,765 - INFO - Scanning ETHUSDT...
2026-01-16 12:55:09,669 - INFO - Scan complete. Next scan in 59 minutes
2026-01-16 12:55:09,669 - INFO - ==================================================
2026-01-16 13:54:59,665 - INFO - ==================================================
2026-01-16 13:54:59,669 - INFO - Starting scheduled scan...
2026-01-16 13:54:59,670 - INFO - Scanning BTCUSDT...
2026-01-16 13:55:01,300 - INFO - Scanning SOLUSDT...
2026-01-16 13:55:03,609 - INFO - Scanning ETHUSDT...
2026-01-16 13:55:09,679 - INFO - Scan complete. Next scan in 59 minutes
2026-01-16 13:55:09,680 - INFO - ==================================================
2026-01-16 14:54:59,638 - INFO - ==================================================
2026-01-16 14:54:59,645 - INFO - Starting scheduled scan...
2026-01-16 14:54:59,646 - INFO - Scanning BTCUSDT...
2026-01-16 14:55:01,117 - INFO - Scanning SOLUSDT...
2026-01-16 14:55:03,644 - INFO - Scanning ETHUSDT...
2026-01-16 14:55:09,738 - INFO - Scan complete. Next scan in 59 minutes
2026-01-16 14:55:09,738 - INFO - ==================================================
2026-01-16 15:54:59,705 - INFO - ==================================================
2026-01-16 15:54:59,710 - INFO - Starting scheduled scan...
2026-01-16 15:54:59,710 - INFO - Scanning BTCUSDT...
2026-01-16 15:55:01,070 - INFO - Scanning SOLUSDT...
2026-01-16 15:55:03,624 - INFO - Scanning ETHUSDT...
2026-01-16 15:55:09,722 - INFO - Scan complete. Next scan in 59 minutes
2026-01-16 15:55:09,722 - INFO - ==================================================
2026-01-16 16:54:59,704 - INFO - ==================================================
2026-01-16 16:54:59,709 - INFO - Starting scheduled scan...
2026-01-16 16:54:59,710 - INFO - Scanning BTCUSDT...
2026-01-16 16:55:01,059 - INFO - Scanning SOLUSDT...
2026-01-16 16:55:03,620 - INFO - Scanning ETHUSDT...
2026-01-16 16:55:09,694 - INFO - Scan complete. Next scan in 59 minutes
2026-01-16 16:55:09,696 - INFO - ==================================================
2026-01-16 17:54:59,652 - INFO - ==================================================
2026-01-16 17:54:59,658 - INFO - Starting scheduled scan...
2026-01-16 17:54:59,658 - INFO - Scanning BTCUSDT...
2026-01-16 17:55:01,307 - INFO - Scanning SOLUSDT...
2026-01-16 17:55:03,508 - INFO - Scanning ETHUSDT...
2026-01-16 17:55:09,730 - INFO - Scan complete. Next scan in 59 minutes
2026-01-16 17:55:09,730 - INFO - ==================================================
2026-01-16 18:54:59,714 - INFO - ==================================================
2026-01-16 18:54:59,720 - INFO - Starting scheduled scan...
2026-01-16 18:54:59,720 - INFO - Scanning BTCUSDT...
2026-01-16 18:55:01,395 - INFO - Scanning SOLUSDT...
2026-01-16 18:55:03,800 - INFO - Scanning ETHUSDT...
2026-01-16 18:55:09,446 - INFO - Scan complete. Next scan in 59 minutes
2026-01-16 18:55:09,448 - INFO - ==================================================
2026-01-16 19:54:59,450 - INFO - ==================================================
2026-01-16 19:54:59,457 - INFO - Starting scheduled scan...
2026-01-16 19:54:59,457 - INFO - Scanning BTCUSDT...
2026-01-16 19:55:01,173 - INFO - Scanning SOLUSDT...
2026-01-16 19:55:03,416 - INFO - Scanning ETHUSDT...
2026-01-16 19:55:09,556 - INFO - Scan complete. Next scan in 59 minutes
2026-01-16 19:55:09,556 - INFO - ==================================================
2026-01-16 20:54:59,541 - INFO - ==================================================
2026-01-16 20:54:59,547 - INFO - Starting scheduled scan...
2026-01-16 20:54:59,549 - INFO - Scanning BTCUSDT...
2026-01-16 20:55:01,239 - INFO - Scanning SOLUSDT...
2026-01-16 20:55:03,709 - INFO - Scanning ETHUSDT...
2026-01-16 20:55:09,526 - INFO - Scan complete. Next scan in 59 minutes
2026-01-16 20:55:09,526 - INFO - ==================================================
2026-01-16 21:54:59,294 - INFO - ==================================================
2026-01-16 21:54:59,297 - INFO - Starting scheduled scan...
2026-01-16 21:54:59,297 - INFO - Scanning BTCUSDT...
2026-01-16 21:55:00,658 - INFO - Scanning SOLUSDT...
2026-01-16 21:55:03,206 - INFO - Scanning ETHUSDT...
2026-01-16 21:55:09,295 - INFO - Scan complete. Next scan in 59 minutes
2026-01-16 21:55:09,297 - INFO - ==================================================
2026-01-16 22:54:59,556 - INFO - ==================================================
2026-01-16 22:54:59,563 - INFO - Starting scheduled scan...
2026-01-16 22:54:59,563 - INFO - Scanning BTCUSDT...
2026-01-16 22:55:01,268 - INFO - Scanning SOLUSDT...
2026-01-16 22:55:03,737 - INFO - Scanning ETHUSDT...
2026-01-16 22:55:09,387 - INFO - Scan complete. Next scan in 59 minutes
2026-01-16 22:55:09,387 - INFO - ==================================================
2026-01-16 23:54:59,402 - INFO - ==================================================
2026-01-16 23:54:59,404 - INFO - Starting scheduled scan...
2026-01-16 23:54:59,405 - INFO - Scanning BTCUSDT...
2026-01-16 23:55:01,082 - INFO - Scanning SOLUSDT...
2026-01-16 23:55:03,524 - INFO - Scanning ETHUSDT...
2026-01-16 23:55:09,100 - INFO - Scan complete. Next scan in 59 minutes
2026-01-16 23:55:09,100 - INFO - ==================================================
2026-01-17 00:54:59,173 - INFO - ==================================================
2026-01-17 00:54:59,175 - INFO - Starting scheduled scan...
2026-01-17 00:54:59,175 - INFO - Scanning BTCUSDT...
2026-01-17 00:55:00,886 - INFO - New signal: BTCUSDT_short_HIGH_94783
2026-01-17 00:55:01,892 - INFO - Scanning SOLUSDT...
2026-01-17 00:55:03,576 - INFO - Scanning ETHUSDT...
2026-01-17 00:55:05,871 - INFO - New signal: ETHUSDT_short_HIGH_3308
2026-01-17 00:55:07,153 - INFO - ✅ Sent SETUP card for BTC, ETH
2026-01-17 00:55:09,715 - INFO - ✅ Sent ENTRY card for BTC
2026-01-17 00:55:10,051 - INFO - ✅ Sent OPEN card for BTC
2026-01-17 00:55:11,816 - INFO - Scan complete. Next scan in 59 minutes
2026-01-17 00:55:11,816 - INFO - ==================================================
2026-01-17 01:54:59,824 - INFO - ==================================================
2026-01-17 01:54:59,827 - INFO - Starting scheduled scan...
2026-01-17 01:54:59,828 - INFO - Scanning BTCUSDT...
2026-01-17 01:55:01,445 - INFO - Scanning SOLUSDT...
2026-01-17 01:55:03,729 - INFO - Scanning ETHUSDT...
2026-01-17 01:55:09,770 - INFO - Scan complete. Next scan in 59 minutes
2026-01-17 01:55:09,772 - INFO - ==================================================
2026-01-17 02:54:59,723 - INFO - ==================================================
2026-01-17 02:54:59,726 - INFO - Starting scheduled scan...
2026-01-17 02:54:59,726 - INFO - Scanning BTCUSDT...
2026-01-17 02:55:01,409 - INFO - Scanning SOLUSDT...
2026-01-17 02:55:03,494 - INFO - Scanning ETHUSDT...
2026-01-17 02:55:09,672 - INFO - Scan complete. Next scan in 59 minutes
2026-01-17 02:55:09,672 - INFO - ==================================================
2026-01-17 03:54:59,709 - INFO - ==================================================
2026-01-17 03:54:59,712 - INFO - Starting scheduled scan...
2026-01-17 03:54:59,714 - INFO - Scanning BTCUSDT...
2026-01-17 03:55:01,393 - INFO - Scanning SOLUSDT...
2026-01-17 03:55:03,688 - INFO - Scanning ETHUSDT...
2026-01-17 03:55:06,001 - INFO - Trade ETHUSDT_short_HIGH_3308 still valid
2026-01-17 03:55:07,442 - INFO - ✅ Sent hourly update card
2026-01-17 03:55:10,252 - INFO - Scan complete. Next scan in 59 minutes
2026-01-17 03:55:10,252 - INFO - ==================================================
2026-01-17 04:54:59,226 - INFO - ==================================================
2026-01-17 04:54:59,230 - INFO - Starting scheduled scan...
2026-01-17 04:54:59,231 - INFO - Scanning BTCUSDT...
2026-01-17 04:55:00,872 - INFO - Scanning SOLUSDT...
2026-01-17 04:55:03,100 - INFO - Scanning ETHUSDT...
2026-01-17 04:55:05,582 - INFO - Trade ETHUSDT_short_HIGH_3308 still valid
2026-01-17 04:55:06,995 - INFO - ✅ Sent hourly update card
2026-01-17 04:55:10,467 - INFO - ✅ Sent ENTRY card for ETH
2026-01-17 04:55:11,002 - INFO - Scan complete. Next scan in 59 minutes
2026-01-17 04:55:11,003 - INFO - ==================================================
2026-01-17 05:54:59,034 - INFO - ==================================================
2026-01-17 05:54:59,036 - INFO - Starting scheduled scan...
2026-01-17 05:54:59,037 - INFO - Scanning BTCUSDT...
2026-01-17 05:55:00,710 - INFO - Scanning SOLUSDT...
2026-01-17 05:55:03,108 - INFO - Scanning ETHUSDT...
2026-01-17 05:55:08,764 - INFO - Scan complete. Next scan in 59 minutes
2026-01-17 05:55:08,764 - INFO - ==================================================
2026-01-17 06:54:59,843 - INFO - ==================================================
2026-01-17 06:54:59,846 - INFO - Starting scheduled scan...
2026-01-17 06:54:59,847 - INFO - Scanning BTCUSDT...
2026-01-17 06:55:01,528 - INFO - Scanning SOLUSDT...
2026-01-17 06:55:03,984 - INFO - Scanning ETHUSDT...
2026-01-17 06:55:09,858 - INFO - Scan complete. Next scan in 59 minutes
2026-01-17 06:55:09,858 - INFO - ==================================================
2026-01-17 07:54:59,873 - INFO - ==================================================
2026-01-17 07:54:59,876 - INFO - Starting scheduled scan...
2026-01-17 07:54:59,876 - INFO - Scanning BTCUSDT...
2026-01-17 07:55:01,583 - INFO - Scanning SOLUSDT...
2026-01-17 07:55:03,828 - INFO - Scanning ETHUSDT...
2026-01-17 07:55:10,345 - INFO - Scan complete. Next scan in 59 minutes
2026-01-17 07:55:10,345 - INFO - ==================================================
2026-01-17 08:54:59,328 - INFO - ==================================================
2026-01-17 08:54:59,332 - INFO - Starting scheduled scan...
2026-01-17 08:54:59,332 - INFO - Scanning BTCUSDT...
2026-01-17 08:55:01,027 - INFO - Scanning SOLUSDT...
2026-01-17 08:55:03,271 - INFO - Scanning ETHUSDT...
2026-01-17 08:55:09,353 - INFO - Scan complete. Next scan in 59 minutes
2026-01-17 08:55:09,353 - INFO - ==================================================
2026-01-17 09:54:59,307 - INFO - ==================================================
2026-01-17 09:54:59,310 - INFO - Starting scheduled scan...
2026-01-17 09:54:59,310 - INFO - Scanning BTCUSDT...
2026-01-17 09:55:01,015 - INFO - Scanning SOLUSDT...
2026-01-17 09:55:03,395 - INFO - Scanning ETHUSDT...
2026-01-17 09:55:05,778 - INFO - New signal: ETHUSDT_long_LOW_3251
2026-01-17 09:55:07,157 - INFO - ✅ Sent SETUP card for ETH
2026-01-17 09:55:11,071 - INFO - Scan complete. Next scan in 59 minutes
2026-01-17 09:55:11,074 - INFO - ==================================================
2026-01-17 10:54:59,032 - INFO - ==================================================
2026-01-17 10:54:59,036 - INFO - Starting scheduled scan...
2026-01-17 10:54:59,036 - INFO - Scanning BTCUSDT...
2026-01-17 10:55:00,771 - INFO - Scanning SOLUSDT...
2026-01-17 10:55:03,185 - INFO - Scanning ETHUSDT...
2026-01-17 10:55:05,624 - INFO - Trade ETHUSDT_long_LOW_3251 still valid
2026-01-17 10:55:06,917 - INFO - ✅ Sent hourly update card
2026-01-17 10:55:09,538 - INFO - Scan complete. Next scan in 59 minutes
2026-01-17 10:55:09,539 - INFO - ==================================================
2026-01-17 11:54:59,466 - INFO - ==================================================
2026-01-17 11:54:59,470 - INFO - Starting scheduled scan...
2026-01-17 11:54:59,470 - INFO - Scanning BTCUSDT...
2026-01-17 11:55:01,160 - INFO - Scanning SOLUSDT...
2026-01-17 11:55:03,480 - INFO - Scanning ETHUSDT...
2026-01-17 11:55:06,060 - INFO - Trade ETHUSDT_long_LOW_3251 still valid
2026-01-17 11:55:07,354 - INFO - ✅ Sent hourly update card
2026-01-17 11:55:09,940 - INFO - Scan complete. Next scan in 59 minutes
2026-01-17 11:55:09,940 - INFO - ==================================================
2026-01-17 12:55:00,016 - INFO - ==================================================
2026-01-17 12:55:00,019 - INFO - Starting scheduled scan...
2026-01-17 12:55:00,019 - INFO - Scanning BTCUSDT...
2026-01-17 12:55:01,548 - INFO - Scanning SOLUSDT...
2026-01-17 12:55:04,140 - INFO - Scanning ETHUSDT...
2026-01-17 12:55:06,363 - INFO - Trade ETHUSDT_long_LOW_3251 still valid
2026-01-17 12:55:07,828 - INFO - ✅ Sent hourly update card
2026-01-17 12:55:10,416 - INFO - Scan complete. Next scan in 59 minutes
2026-01-17 12:55:10,416 - INFO - ==================================================
2026-01-17 13:54:59,377 - INFO - ==================================================
2026-01-17 13:54:59,379 - INFO - Starting scheduled scan...
2026-01-17 13:54:59,379 - INFO - Scanning BTCUSDT...
2026-01-17 13:55:00,922 - INFO - Scanning SOLUSDT...
2026-01-17 13:55:03,326 - INFO - Scanning ETHUSDT...
2026-01-17 13:55:05,730 - INFO - Trade ETHUSDT_long_LOW_3251 still valid
2026-01-17 13:55:07,037 - INFO - ✅ Sent hourly update card
2026-01-17 13:55:09,618 - INFO - Scan complete. Next scan in 59 minutes
2026-01-17 13:55:09,620 - INFO - ==================================================
2026-01-17 14:54:59,566 - INFO - ==================================================
2026-01-17 14:54:59,569 - INFO - Starting scheduled scan...
2026-01-17 14:54:59,570 - INFO - Scanning BTCUSDT...
2026-01-17 14:55:01,233 - INFO - Scanning SOLUSDT...
2026-01-17 14:55:03,690 - INFO - New signal: SOLUSDT_long_LOW_140
2026-01-17 14:55:04,697 - INFO - Scanning ETHUSDT...
2026-01-17 14:55:06,301 - INFO - Trade ETHUSDT_long_LOW_3251 still valid
2026-01-17 14:55:07,691 - INFO - ✅ Sent SETUP card for SOL
2026-01-17 14:55:11,524 - INFO - Scan complete. Next scan in 59 minutes
2026-01-17 14:55:11,524 - INFO - ==================================================
2026-01-17 15:54:59,433 - INFO - ==================================================
2026-01-17 15:54:59,436 - INFO - Starting scheduled scan...
2026-01-17 15:54:59,436 - INFO - Scanning BTCUSDT...
2026-01-17 15:55:01,091 - INFO - Scanning SOLUSDT...
2026-01-17 15:55:03,396 - INFO - Scanning ETHUSDT...
2026-01-17 15:55:05,871 - INFO - Trade ETHUSDT_long_LOW_3251 still valid
2026-01-17 15:55:07,174 - INFO - ✅ Sent hourly update card
2026-01-17 15:55:09,772 - INFO - Scan complete. Next scan in 59 minutes
2026-01-17 15:55:09,772 - INFO - ==================================================
2026-01-17 16:54:59,817 - INFO - ==================================================
2026-01-17 16:54:59,820 - INFO - Starting scheduled scan...
2026-01-17 16:54:59,820 - INFO - Scanning BTCUSDT...
2026-01-17 16:55:01,572 - INFO - Scanning SOLUSDT...
2026-01-17 16:55:03,719 - INFO - Scanning ETHUSDT...
2026-01-17 16:55:06,310 - INFO - Trade ETHUSDT_long_LOW_3251 still valid
2026-01-17 16:55:08,020 - INFO - ✅ Sent hourly update card
2026-01-17 16:55:10,785 - INFO - Scan complete. Next scan in 59 minutes
2026-01-17 16:55:10,786 - INFO - ==================================================
2026-01-17 17:54:59,749 - INFO - ==================================================
2026-01-17 17:54:59,754 - INFO - Starting scheduled scan...
2026-01-17 17:54:59,754 - INFO - Scanning BTCUSDT...
2026-01-17 17:55:01,244 - INFO - Scanning SOLUSDT...
2026-01-17 17:55:03,645 - INFO - Scanning ETHUSDT...
2026-01-17 17:55:06,121 - INFO - Trade ETHUSDT_long_LOW_3251 still valid
2026-01-17 17:55:07,685 - INFO - ✅ Sent hourly update card
2026-01-17 17:55:10,163 - INFO - Scan complete. Next scan in 59 minutes
2026-01-17 17:55:10,167 - INFO - ==================================================
2026-01-17 18:54:59,064 - INFO - ==================================================
2026-01-17 18:54:59,067 - INFO - Starting scheduled scan...
2026-01-17 18:54:59,067 - INFO - Scanning BTCUSDT...
2026-01-17 18:55:01,236 - INFO - Scanning SOLUSDT...
2026-01-17 18:55:03,495 - INFO - Scanning ETHUSDT...
2026-01-17 18:55:06,420 - INFO - Trade ETHUSDT_long_LOW_3251 still valid
2026-01-17 18:55:07,698 - INFO - ✅ Sent hourly update card
2026-01-17 18:55:10,500 - INFO - Scan complete. Next scan in 59 minutes
2026-01-17 18:55:10,500 - INFO - ==================================================
2026-01-17 19:54:59,519 - INFO - ==================================================
2026-01-17 19:54:59,523 - INFO - Starting scheduled scan...
2026-01-17 19:54:59,524 - INFO - Scanning BTCUSDT...
2026-01-17 19:55:01,907 - INFO - Scanning SOLUSDT...
2026-01-17 19:55:03,676 - INFO - Scanning ETHUSDT...
2026-01-17 19:55:06,052 - INFO - Trade ETHUSDT_long_LOW_3251 still valid
2026-01-17 19:55:07,365 - INFO - ✅ Sent hourly update card
2026-01-17 19:55:10,343 - INFO - Scan complete. Next scan in 59 minutes
2026-01-17 19:55:10,343 - INFO - ==================================================
2026-01-17 20:54:59,309 - INFO - ==================================================
2026-01-17 20:54:59,314 - INFO - Starting scheduled scan...
2026-01-17 20:54:59,316 - INFO - Scanning BTCUSDT...
2026-01-17 20:55:01,063 - INFO - Scanning SOLUSDT...
2026-01-17 20:55:03,493 - INFO - Trade SOLUSDT_long_LOW_140 still valid
2026-01-17 20:55:04,504 - INFO - Scanning ETHUSDT...
2026-01-17 20:55:06,358 - INFO - Trade ETHUSDT_long_LOW_3251 still valid
2026-01-17 20:55:08,639 - INFO - ✅ Sent hourly update card
2026-01-17 20:55:11,506 - INFO - Scan complete. Next scan in 59 minutes
2026-01-17 20:55:11,506 - INFO - ==================================================
2026-01-17 21:54:59,555 - INFO - ==================================================
2026-01-17 21:54:59,558 - INFO - Starting scheduled scan...
2026-01-17 21:54:59,558 - INFO - Scanning BTCUSDT...
2026-01-17 21:55:01,633 - INFO - Scanning SOLUSDT...
2026-01-17 21:55:04,123 - INFO - Trade SOLUSDT_long_LOW_140 still valid
2026-01-17 21:55:05,128 - INFO - Scanning ETHUSDT...
2026-01-17 21:55:06,885 - INFO - Trade ETHUSDT_long_LOW_3251 still valid
2026-01-17 21:55:08,265 - INFO - ✅ Sent hourly update card
2026-01-17 21:55:10,901 - INFO - Scan complete. Next scan in 59 minutes
2026-01-17 21:55:10,901 - INFO - ==================================================
2026-01-17 22:54:59,877 - INFO - ==================================================
2026-01-17 22:54:59,883 - INFO - Starting scheduled scan...
2026-01-17 22:54:59,884 - INFO - Scanning BTCUSDT...
2026-01-17 22:55:01,572 - INFO - Scanning SOLUSDT...
2026-01-17 22:55:03,779 - INFO - Trade SOLUSDT_long_LOW_140 still valid
2026-01-17 22:55:04,786 - INFO - Scanning ETHUSDT...
2026-01-17 22:55:06,730 - INFO - Trade ETHUSDT_long_LOW_3251 still valid
2026-01-17 22:55:08,067 - INFO - ✅ Sent hourly update card
2026-01-17 22:55:11,151 - INFO - Scan complete. Next scan in 59 minutes
2026-01-17 22:55:11,152 - INFO - ==================================================
2026-01-17 23:54:59,175 - INFO - ==================================================
2026-01-17 23:54:59,180 - INFO - Starting scheduled scan...
2026-01-17 23:54:59,181 - INFO - Scanning BTCUSDT...
2026-01-17 23:55:00,997 - INFO - Scanning SOLUSDT...
2026-01-17 23:55:03,293 - INFO - Scanning ETHUSDT...
2026-01-17 23:55:06,176 - INFO - Trade ETHUSDT_long_LOW_3251 still valid
2026-01-17 23:55:07,429 - INFO - ✅ Sent hourly update card
2026-01-17 23:55:10,353 - INFO - Scan complete. Next scan in 59 minutes
2026-01-17 23:55:10,353 - INFO - ==================================================
2026-01-18 00:54:59,384 - INFO - ==================================================
2026-01-18 00:54:59,387 - INFO - Starting scheduled scan...
2026-01-18 00:54:59,387 - INFO - Scanning BTCUSDT...
2026-01-18 00:55:01,093 - INFO - New signal: BTCUSDT_long_LOW_94260
2026-01-18 00:55:02,094 - INFO - Scanning SOLUSDT...
2026-01-18 00:55:03,799 - INFO - Trade SOLUSDT_long_LOW_140 still valid
2026-01-18 00:55:04,804 - INFO - Scanning ETHUSDT...
2026-01-18 00:55:06,479 - INFO - Trade ETHUSDT_long_LOW_3251 still valid
2026-01-18 00:55:07,820 - INFO - ✅ Sent SETUP card for BTC
2026-01-18 00:55:11,646 - INFO - Scan complete. Next scan in 59 minutes
2026-01-18 00:55:11,646 - INFO - ==================================================
2026-01-18 01:54:59,596 - INFO - ==================================================
2026-01-18 01:54:59,599 - INFO - Starting scheduled scan...
2026-01-18 01:54:59,599 - INFO - Scanning BTCUSDT...
2026-01-18 01:55:01,287 - INFO - Scanning SOLUSDT...
2026-01-18 01:55:03,853 - INFO - Trade SOLUSDT_long_LOW_140 still valid
2026-01-18 01:55:04,855 - INFO - Scanning ETHUSDT...
2026-01-18 01:55:06,814 - INFO - ✅ Sent hourly update card
2026-01-18 01:55:10,071 - INFO - Scan complete. Next scan in 59 minutes
2026-01-18 01:55:10,072 - INFO - ==================================================
2026-01-18 02:54:59,120 - INFO - ==================================================
2026-01-18 02:54:59,126 - INFO - Starting scheduled scan...
2026-01-18 02:54:59,127 - INFO - Scanning BTCUSDT...
2026-01-18 02:55:00,757 - INFO - Scanning SOLUSDT...
2026-01-18 02:55:03,172 - INFO - Trade SOLUSDT_long_LOW_140 still valid
2026-01-18 02:55:04,177 - INFO - Scanning ETHUSDT...
2026-01-18 02:55:06,070 - INFO - ✅ Sent hourly update card
2026-01-18 02:55:09,406 - INFO - Scan complete. Next scan in 59 minutes
2026-01-18 02:55:09,408 - INFO - ==================================================
2026-01-18 03:54:59,453 - INFO - ==================================================
2026-01-18 03:54:59,457 - INFO - Starting scheduled scan...
2026-01-18 03:54:59,457 - INFO - Scanning BTCUSDT...
2026-01-18 03:55:01,107 - INFO - Scanning SOLUSDT...
2026-01-18 03:55:03,534 - INFO - Trade SOLUSDT_long_LOW_140 still valid
2026-01-18 03:55:04,534 - INFO - Scanning ETHUSDT...
2026-01-18 03:55:06,509 - INFO - ✅ Sent hourly update card
2026-01-18 03:55:09,386 - INFO - Scan complete. Next scan in 59 minutes
2026-01-18 03:55:09,386 - INFO - ==================================================
2026-01-18 04:54:59,367 - INFO - ==================================================
2026-01-18 04:54:59,373 - INFO - Starting scheduled scan...
2026-01-18 04:54:59,373 - INFO - Scanning BTCUSDT...
2026-01-18 04:55:01,041 - INFO - Scanning SOLUSDT...
2026-01-18 04:55:03,273 - INFO - Trade SOLUSDT_long_LOW_140 still valid
2026-01-18 04:55:04,276 - INFO - Scanning ETHUSDT...
2026-01-18 04:55:06,178 - INFO - ✅ Sent hourly update card
2026-01-18 04:55:09,173 - INFO - Scan complete. Next scan in 59 minutes
2026-01-18 04:55:09,174 - INFO - ==================================================
2026-01-18 05:54:59,183 - INFO - ==================================================
2026-01-18 05:54:59,188 - INFO - Starting scheduled scan...
2026-01-18 05:54:59,189 - INFO - Scanning BTCUSDT...
2026-01-18 05:55:00,706 - INFO - Scanning SOLUSDT...
2026-01-18 05:55:03,283 - INFO - Trade SOLUSDT_long_LOW_140 still valid
2026-01-18 05:55:04,284 - INFO - Scanning ETHUSDT...
2026-01-18 05:55:06,079 - INFO - ✅ Sent hourly update card
2026-01-18 05:55:09,508 - INFO - Scan complete. Next scan in 59 minutes
2026-01-18 05:55:09,509 - INFO - ==================================================
2026-01-18 06:54:59,480 - INFO - ==================================================
2026-01-18 06:54:59,486 - INFO - Starting scheduled scan...
2026-01-18 06:54:59,488 - INFO - Scanning BTCUSDT...
2026-01-18 06:55:01,250 - INFO - Scanning SOLUSDT...
2026-01-18 06:55:03,593 - INFO - Trade SOLUSDT_long_LOW_140 still valid
2026-01-18 06:55:04,596 - INFO - Scanning ETHUSDT...
2026-01-18 06:55:06,497 - INFO - ✅ Sent hourly update card
2026-01-18 06:55:09,753 - INFO - Scan complete. Next scan in 59 minutes
2026-01-18 06:55:09,753 - INFO - ==================================================
2026-01-18 07:54:59,773 - INFO - ==================================================
2026-01-18 07:54:59,779 - INFO - Starting scheduled scan...
2026-01-18 07:54:59,780 - INFO - Scanning BTCUSDT...
2026-01-18 07:55:01,419 - INFO - Scanning SOLUSDT...
2026-01-18 07:55:03,714 - INFO - Trade SOLUSDT_long_LOW_140 still valid
2026-01-18 07:55:04,718 - INFO - Scanning ETHUSDT...
2026-01-18 07:55:06,793 - INFO - ✅ Sent hourly update card
2026-01-18 07:55:09,989 - INFO - Scan complete. Next scan in 59 minutes
2026-01-18 07:55:09,989 - INFO - ==================================================
2026-01-18 08:55:44,977 - INFO - ==================================================
2026-01-18 08:55:44,984 - INFO - Starting scheduled scan...
2026-01-18 08:55:44,984 - INFO - Scanning BTCUSDT...
2026-01-18 08:55:46,774 - INFO - Scanning SOLUSDT...
2026-01-18 08:55:48,923 - INFO - Trade SOLUSDT_long_LOW_140 still valid
2026-01-18 08:55:49,925 - INFO - Scanning ETHUSDT...
2026-01-18 08:55:51,691 - INFO - ✅ Sent hourly update card
2026-01-18 08:55:55,167 - INFO - Scan complete. Next scan in 59 minutes
2026-01-18 08:55:55,167 - INFO - ==================================================
2026-01-18 18:21:36,916 - INFO - ==================================================
2026-01-18 18:21:36,920 - INFO - Starting scheduled scan...
2026-01-18 18:21:36,921 - INFO - Scanning BTCUSDT...
2026-01-18 18:21:38,477 - INFO - Scanning SOLUSDT...
2026-01-18 18:21:40,893 - INFO - New signal: SOLUSDT_short_HIGH_140
2026-01-18 18:21:41,903 - INFO - Scanning ETHUSDT...
2026-01-18 18:21:43,567 - INFO - Trade ETHUSDT_long_LOW_3251 still valid
2026-01-18 18:21:45,245 - INFO - ✅ Sent SETUP card for SOL
2026-01-18 18:21:48,390 - INFO - ✅ Sent ENTRY card for SOL
2026-01-18 18:21:49,432 - INFO - ✅ Sent OPEN card for SOL
2026-01-18 18:21:51,073 - INFO - Scan complete. Next scan in 33 minutes
2026-01-18 18:21:51,074 - INFO - ==================================================
2026-01-18 18:54:59,035 - INFO - ==================================================
2026-01-18 18:54:59,043 - INFO - Starting scheduled scan...
2026-01-18 18:54:59,043 - INFO - Scanning BTCUSDT...
2026-01-18 18:55:00,790 - INFO - New signal: BTCUSDT_short_HIGH_94783
2026-01-18 18:55:01,793 - INFO - Scanning SOLUSDT...
2026-01-18 18:55:03,603 - INFO - New signal: SOLUSDT_long_LOW_137
2026-01-18 18:55:04,603 - INFO - Scanning ETHUSDT...
2026-01-18 18:55:06,347 - INFO - Trade ETHUSDT_long_LOW_3251 still valid
2026-01-18 18:55:07,815 - INFO - ✅ Sent SETUP card for SOL
2026-01-18 18:55:09,096 - INFO - ✅ Sent SETUP card for BTC
2026-01-18 18:55:12,883 - INFO - Scan complete. Next scan in 59 minutes
2026-01-18 18:55:12,884 - INFO - ==================================================
2026-01-18 19:54:59,935 - INFO - ==================================================
2026-01-18 19:54:59,942 - INFO - Starting scheduled scan...
2026-01-18 19:54:59,943 - INFO - Scanning BTCUSDT...
2026-01-18 19:55:01,394 - INFO - New signal: BTCUSDT_short_HIGH_92364
2026-01-18 19:55:02,403 - INFO - Scanning SOLUSDT...
2026-01-18 19:55:03,971 - INFO - New signal: SOLUSDT_long_LOW_132
2026-01-18 19:55:04,981 - INFO - Scanning ETHUSDT...
2026-01-18 19:55:06,646 - INFO - Trade ETHUSDT_long_LOW_3251 still valid
2026-01-18 19:55:08,085 - INFO - ✅ Sent SETUP card for SOL
2026-01-18 19:55:09,397 - INFO - ✅ Sent SETUP card for BTC
2026-01-18 19:55:11,004 - INFO - ✅ Sent ENTRY card for BTC
2026-01-18 19:55:12,375 - INFO - ✅ Sent OPEN card for BTC
2026-01-18 19:55:14,235 - INFO - ✅ Sent ENTRY card for ETH
2026-01-18 19:55:14,540 - INFO - ✅ Sent OPEN card for ETH
2026-01-18 19:55:16,769 - INFO - Scan complete. Next scan in 59 minutes
2026-01-18 19:55:16,771 - INFO - ==================================================
2026-01-18 20:54:59,779 - INFO - ==================================================
2026-01-18 20:54:59,783 - INFO - Starting scheduled scan...
2026-01-18 20:54:59,784 - INFO - Scanning BTCUSDT...
2026-01-18 20:55:02,713 - INFO - Scanning SOLUSDT...
2026-01-18 20:55:05,149 - INFO - Scanning ETHUSDT...
2026-01-18 20:55:11,039 - INFO - Scan complete. Next scan in 59 minutes
2026-01-18 20:55:11,040 - INFO - ==================================================
2026-01-18 21:54:59,070 - INFO - ==================================================
2026-01-18 21:54:59,075 - INFO - Starting scheduled scan...
2026-01-18 21:54:59,075 - INFO - Scanning BTCUSDT...
2026-01-18 21:55:00,895 - INFO - Scanning SOLUSDT...
2026-01-18 21:55:03,569 - INFO - Scanning ETHUSDT...
2026-01-18 21:55:08,975 - INFO - Scan complete. Next scan in 59 minutes
2026-01-18 21:55:08,978 - INFO - ==================================================
2026-01-18 22:55:00,014 - INFO - ==================================================
2026-01-18 22:55:00,016 - INFO - Starting scheduled scan...
2026-01-18 22:55:00,017 - INFO - Scanning BTCUSDT...
2026-01-18 22:55:01,663 - INFO - Scanning SOLUSDT...
2026-01-18 22:55:04,160 - INFO - Scanning ETHUSDT...
2026-01-18 22:55:10,046 - INFO - Scan complete. Next scan in 59 minutes
2026-01-18 22:55:10,046 - INFO - ==================================================
2026-01-18 23:54:59,011 - INFO - ==================================================
2026-01-18 23:54:59,014 - INFO - Starting scheduled scan...
2026-01-18 23:54:59,014 - INFO - Scanning BTCUSDT...
2026-01-18 23:55:00,633 - INFO - Scanning SOLUSDT...
2026-01-18 23:55:03,122 - INFO - Scanning ETHUSDT...
2026-01-18 23:55:08,792 - INFO - Scan complete. Next scan in 59 minutes
2026-01-18 23:55:08,793 - INFO - ==================================================
2026-01-19 00:54:59,831 - INFO - ==================================================
2026-01-19 00:54:59,834 - INFO - Starting scheduled scan...
2026-01-19 00:54:59,834 - INFO - Scanning BTCUSDT...
2026-01-19 00:55:01,180 - INFO - Scanning SOLUSDT...
2026-01-19 00:55:03,678 - INFO - Scanning ETHUSDT...
2026-01-19 00:55:09,797 - INFO - Scan complete. Next scan in 59 minutes
2026-01-19 00:55:09,798 - INFO - ==================================================
2026-01-19 01:54:59,771 - INFO - ==================================================
2026-01-19 01:54:59,775 - INFO - Starting scheduled scan...
2026-01-19 01:54:59,776 - INFO - Scanning BTCUSDT...
2026-01-19 01:55:01,539 - INFO - Scanning SOLUSDT...
2026-01-19 01:55:04,059 - INFO - Scanning ETHUSDT...
2026-01-19 01:55:07,617 - INFO - ✅ Sent ENTRY card for SOL
2026-01-19 01:55:09,719 - INFO - Scan complete. Next scan in 59 minutes
2026-01-19 01:55:09,721 - INFO - ==================================================
2026-01-19 02:54:59,686 - INFO - ==================================================
2026-01-19 02:54:59,689 - INFO - Starting scheduled scan...
2026-01-19 02:54:59,689 - INFO - Scanning BTCUSDT...
2026-01-19 02:55:01,470 - INFO - Scanning SOLUSDT...
2026-01-19 02:55:03,615 - INFO - Scanning ETHUSDT...
2026-01-19 02:55:09,527 - INFO - Scan complete. Next scan in 59 minutes
2026-01-19 02:55:09,527 - INFO - ==================================================
2026-01-19 03:54:59,408 - INFO - ==================================================
2026-01-19 03:54:59,412 - INFO - Starting scheduled scan...
2026-01-19 03:54:59,412 - INFO - Scanning BTCUSDT...
2026-01-19 03:55:00,862 - INFO - Scanning SOLUSDT...
2026-01-19 03:55:03,452 - INFO - Scanning ETHUSDT...
2026-01-19 03:55:09,244 - INFO - Scan complete. Next scan in 59 minutes
2026-01-19 03:55:09,245 - INFO - ==================================================
2026-01-19 04:54:59,292 - INFO - ==================================================
2026-01-19 04:54:59,294 - INFO - Starting scheduled scan...
2026-01-19 04:54:59,295 - INFO - Scanning BTCUSDT...
2026-01-19 04:55:01,003 - INFO - Scanning SOLUSDT...
2026-01-19 04:55:03,043 - INFO - Scanning ETHUSDT...
2026-01-19 04:55:08,961 - INFO - Scan complete. Next scan in 59 minutes
2026-01-19 04:55:08,962 - INFO - ==================================================
2026-01-19 05:54:59,990 - INFO - ==================================================
2026-01-19 05:54:59,993 - INFO - Starting scheduled scan...
2026-01-19 05:54:59,996 - INFO - Scanning BTCUSDT...
2026-01-19 05:55:01,754 - INFO - Scanning SOLUSDT...
2026-01-19 05:55:04,245 - INFO - Scanning ETHUSDT...
2026-01-19 05:55:09,774 - INFO - Scan complete. Next scan in 59 minutes
2026-01-19 05:55:09,774 - INFO - ==================================================
2026-01-19 06:54:59,756 - INFO - ==================================================
2026-01-19 06:54:59,759 - INFO - Starting scheduled scan...
2026-01-19 06:54:59,759 - INFO - Scanning BTCUSDT...
2026-01-19 06:55:01,456 - INFO - Scanning SOLUSDT...
2026-01-19 06:55:03,848 - INFO - Scanning ETHUSDT...
2026-01-19 06:55:09,872 - INFO - Scan complete. Next scan in 59 minutes
2026-01-19 06:55:09,873 - INFO - ==================================================
2026-01-19 07:54:59,953 - INFO - ==================================================
2026-01-19 07:54:59,959 - INFO - Starting scheduled scan...
2026-01-19 07:54:59,959 - INFO - Scanning BTCUSDT...
2026-01-19 07:55:01,602 - INFO - Scanning SOLUSDT...
2026-01-19 07:55:04,062 - INFO - Scanning ETHUSDT...
2026-01-19 07:55:09,712 - INFO - Scan complete. Next scan in 59 minutes
2026-01-19 07:55:09,714 - INFO - ==================================================
2026-01-19 08:54:59,742 - INFO - ==================================================
2026-01-19 08:54:59,745 - INFO - Starting scheduled scan...
2026-01-19 08:54:59,745 - INFO - Scanning BTCUSDT...
2026-01-19 08:55:01,384 - INFO - Scanning SOLUSDT...
2026-01-19 08:55:03,847 - INFO - Scanning ETHUSDT...
2026-01-19 08:55:09,702 - INFO - Scan complete. Next scan in 59 minutes
2026-01-19 08:55:09,703 - INFO - ==================================================
2026-01-19 09:54:59,733 - INFO - ==================================================
2026-01-19 09:54:59,736 - INFO - Starting scheduled scan...
2026-01-19 09:54:59,736 - INFO - Scanning BTCUSDT...
2026-01-19 09:55:01,242 - INFO - Scanning SOLUSDT...
2026-01-19 09:55:03,848 - INFO - Scanning ETHUSDT...
2026-01-19 09:55:09,691 - INFO - Scan complete. Next scan in 59 minutes
2026-01-19 09:55:09,691 - INFO - ==================================================
2026-01-19 10:54:59,713 - INFO - ==================================================
2026-01-19 10:54:59,716 - INFO - Starting scheduled scan...
2026-01-19 10:54:59,716 - INFO - Scanning BTCUSDT...
2026-01-19 10:55:01,257 - INFO - Scanning SOLUSDT...
2026-01-19 10:55:03,869 - INFO - Scanning ETHUSDT...
2026-01-19 10:55:09,798 - INFO - Scan complete. Next scan in 59 minutes
2026-01-19 10:55:09,798 - INFO - ==================================================
2026-01-19 11:54:59,687 - INFO - ==================================================
2026-01-19 11:54:59,689 - INFO - Starting scheduled scan...
2026-01-19 11:54:59,690 - INFO - Scanning BTCUSDT...
2026-01-19 11:55:01,399 - INFO - Scanning SOLUSDT...
2026-01-19 11:55:03,879 - INFO - Scanning ETHUSDT...
2026-01-19 11:55:09,678 - INFO - Scan complete. Next scan in 59 minutes
2026-01-19 11:55:09,679 - INFO - ==================================================
2026-01-19 12:54:59,675 - INFO - ==================================================
2026-01-19 12:54:59,678 - INFO - Starting scheduled scan...
2026-01-19 12:54:59,679 - INFO - Scanning BTCUSDT...
2026-01-19 12:55:01,418 - INFO - Scanning SOLUSDT...
2026-01-19 12:55:03,630 - INFO - Scanning ETHUSDT...
2026-01-19 12:55:09,750 - INFO - Scan complete. Next scan in 59 minutes
2026-01-19 12:55:09,751 - INFO - ==================================================
2026-01-19 13:54:59,784 - INFO - ==================================================
2026-01-19 13:54:59,787 - INFO - Starting scheduled scan...
2026-01-19 13:54:59,788 - INFO - Scanning BTCUSDT...
2026-01-19 13:55:01,994 - INFO - Scanning SOLUSDT...
2026-01-19 13:55:03,934 - INFO - Scanning ETHUSDT...
2026-01-19 13:55:09,863 - INFO - Scan complete. Next scan in 59 minutes
2026-01-19 13:55:09,863 - INFO - ==================================================
2026-01-19 14:54:59,936 - INFO - ==================================================
2026-01-19 14:54:59,942 - INFO - Starting scheduled scan...
2026-01-19 14:54:59,943 - INFO - Scanning BTCUSDT...
2026-01-19 14:55:01,656 - INFO - Scanning SOLUSDT...
2026-01-19 14:55:03,821 - INFO - Scanning ETHUSDT...
2026-01-19 14:55:09,820 - INFO - Scan complete. Next scan in 59 minutes
2026-01-19 14:55:09,821 - INFO - ==================================================
2026-01-19 15:54:59,847 - INFO - ==================================================
2026-01-19 15:54:59,854 - INFO - Starting scheduled scan...
2026-01-19 15:54:59,854 - INFO - Scanning BTCUSDT...
2026-01-19 15:55:01,303 - INFO - Scanning SOLUSDT...
2026-01-19 15:55:04,068 - INFO - Scanning ETHUSDT...
2026-01-19 15:55:09,938 - INFO - Scan complete. Next scan in 59 minutes
2026-01-19 15:55:09,938 - INFO - ==================================================
2026-01-19 16:54:59,966 - INFO - ==================================================
2026-01-19 16:54:59,971 - INFO - Starting scheduled scan...
2026-01-19 16:54:59,972 - INFO - Scanning BTCUSDT...
2026-01-19 16:55:01,737 - INFO - Scanning SOLUSDT...
2026-01-19 16:55:04,168 - INFO - Scanning ETHUSDT...
2026-01-19 16:55:09,990 - INFO - Scan complete. Next scan in 59 minutes
2026-01-19 16:55:09,991 - INFO - ==================================================
2026-01-19 17:55:00,068 - INFO - ==================================================
2026-01-19 17:55:00,074 - INFO - Starting scheduled scan...
2026-01-19 17:55:00,074 - INFO - Scanning BTCUSDT...
2026-01-19 17:55:01,539 - INFO - Scanning SOLUSDT...
2026-01-19 17:55:04,100 - INFO - Scanning ETHUSDT...
2026-01-19 17:55:06,356 - INFO - New signal: ETHUSDT_short_HIGH_3166
2026-01-19 17:55:07,731 - INFO - ✅ Sent SETUP card for ETH
2026-01-19 17:55:10,832 - INFO - ✅ Sent ENTRY card for ETH
2026-01-19 17:55:11,082 - INFO - ✅ Sent OPEN card for ETH
2026-01-19 17:55:12,698 - INFO - Scan complete. Next scan in 59 minutes
2026-01-19 17:55:12,698 - INFO - ==================================================
2026-01-19 18:54:59,735 - INFO - ==================================================
2026-01-19 18:54:59,738 - INFO - Starting scheduled scan...
2026-01-19 18:54:59,738 - INFO - Scanning BTCUSDT...
2026-01-19 18:55:01,787 - INFO - Trade BTCUSDT_short_HIGH_92364 still valid
2026-01-19 18:55:02,789 - INFO - Scanning SOLUSDT...
2026-01-19 18:55:04,480 - INFO - Scanning ETHUSDT...
2026-01-19 18:55:06,722 - INFO - Trade ETHUSDT_short_HIGH_3166 still valid
2026-01-19 18:55:08,097 - INFO - ✅ Sent hourly update card
2026-01-19 18:55:08,479 - INFO - Scan complete. Next scan in 59 minutes
2026-01-19 18:55:08,480 - INFO - ==================================================
2026-01-19 19:54:59,453 - INFO - ==================================================
2026-01-19 19:54:59,456 - INFO - Starting scheduled scan...
2026-01-19 19:54:59,456 - INFO - Scanning BTCUSDT...
2026-01-19 19:55:01,335 - INFO - Scanning SOLUSDT...
2026-01-19 19:55:04,582 - INFO - Scanning ETHUSDT...
2026-01-19 19:55:07,512 - INFO - Scan complete. Next scan in 59 minutes
2026-01-19 19:55:07,512 - INFO - ==================================================
2026-01-19 20:54:59,471 - INFO - ==================================================
2026-01-19 20:54:59,472 - INFO - Starting scheduled scan...
2026-01-19 20:54:59,472 - INFO - Scanning BTCUSDT...
2026-01-19 20:55:01,655 - INFO - Scanning SOLUSDT...
2026-01-19 20:55:03,989 - INFO - Scanning ETHUSDT...
2026-01-19 20:55:07,825 - INFO - Scan complete. Next scan in 59 minutes
2026-01-19 20:55:07,826 - INFO - ==================================================
2026-01-19 21:54:59,697 - INFO - ==================================================
2026-01-19 21:54:59,698 - INFO - Starting scheduled scan...
2026-01-19 21:54:59,698 - INFO - Scanning BTCUSDT...
2026-01-19 21:55:01,490 - INFO - Scanning SOLUSDT...
2026-01-19 21:55:03,596 - INFO - Scanning ETHUSDT...
2026-01-19 21:55:07,406 - INFO - Scan complete. Next scan in 59 minutes
2026-01-19 21:55:07,406 - INFO - ==================================================
2026-01-19 22:54:59,356 - INFO - ==================================================
2026-01-19 22:54:59,356 - INFO - Starting scheduled scan...
2026-01-19 22:54:59,356 - INFO - Scanning BTCUSDT...
2026-01-19 22:55:01,159 - INFO - Scanning SOLUSDT...
2026-01-19 22:55:03,591 - INFO - Scanning ETHUSDT...
2026-01-19 22:55:06,780 - INFO - Scan complete. Next scan in 59 minutes
2026-01-19 22:55:06,780 - INFO - ==================================================
2026-01-19 23:54:59,724 - INFO - ==================================================
2026-01-19 23:54:59,725 - INFO - Starting scheduled scan...
2026-01-19 23:54:59,725 - INFO - Scanning BTCUSDT...
2026-01-19 23:55:01,307 - INFO - Scanning SOLUSDT...
2026-01-19 23:55:03,751 - INFO - Scanning ETHUSDT...
2026-01-19 23:55:07,590 - INFO - Scan complete. Next scan in 59 minutes
2026-01-19 23:55:07,590 - INFO - ==================================================
2026-01-20 00:54:59,571 - INFO - ==================================================
2026-01-20 00:54:59,571 - INFO - Starting scheduled scan...
2026-01-20 00:54:59,571 - INFO - Scanning BTCUSDT...
2026-01-20 00:55:01,038 - INFO - Trade BTCUSDT_short_HIGH_91955 still valid
2026-01-20 00:55:02,041 - INFO - Scanning SOLUSDT...
2026-01-20 00:55:03,554 - INFO - Scanning ETHUSDT...
2026-01-20 00:55:06,186 - INFO - Trade ETHUSDT_short_HIGH_3166 still valid
2026-01-20 00:55:07,425 - INFO - ✅ Sent hourly update card
2026-01-20 00:55:07,801 - INFO - Scan complete. Next scan in 59 minutes
2026-01-20 00:55:07,801 - INFO - ==================================================
2026-01-20 01:54:59,684 - INFO - ==================================================
2026-01-20 01:54:59,686 - INFO - Starting scheduled scan...
2026-01-20 01:54:59,686 - INFO - Scanning BTCUSDT...
2026-01-20 01:55:01,492 - INFO - Trade BTCUSDT_short_HIGH_91955 still valid
2026-01-20 01:55:02,495 - INFO - Scanning SOLUSDT...
2026-01-20 01:55:04,014 - INFO - New signal: SOLUSDT_long_LOW_130
2026-01-20 01:55:05,017 - INFO - Scanning ETHUSDT...
2026-01-20 01:55:06,817 - INFO - New signal: ETHUSDT_long_LOW_3074
2026-01-20 01:55:08,443 - INFO - ✅ Sent SETUP card for SOL, ETH
2026-01-20 01:55:10,834 - INFO - Scan complete. Next scan in 59 minutes
2026-01-20 01:55:10,835 - INFO - ==================================================
2026-01-20 02:54:59,819 - INFO - ==================================================
2026-01-20 02:54:59,821 - INFO - Starting scheduled scan...
2026-01-20 02:54:59,821 - INFO - Scanning BTCUSDT...
2026-01-20 02:55:01,304 - INFO - Scanning SOLUSDT...
2026-01-20 02:55:03,981 - INFO - Scanning ETHUSDT...
2026-01-20 02:55:08,449 - INFO - Scan complete. Next scan in 59 minutes
2026-01-20 02:55:08,449 - INFO - ==================================================
2026-01-20 03:54:59,433 - INFO - ==================================================
2026-01-20 03:54:59,435 - INFO - Starting scheduled scan...
2026-01-20 03:54:59,435 - INFO - Scanning BTCUSDT...
2026-01-20 03:55:01,245 - INFO - Scanning SOLUSDT...
2026-01-20 03:55:03,714 - INFO - Trade SOLUSDT_long_LOW_130 still valid
2026-01-20 03:55:04,716 - INFO - Scanning ETHUSDT...
2026-01-20 03:55:06,274 - INFO - Trade ETHUSDT_long_LOW_3074 still valid
2026-01-20 03:55:07,795 - INFO - ✅ Sent hourly update card
2026-01-20 03:55:08,714 - INFO - ✅ Sent ENTRY card for SOL
2026-01-20 03:55:08,968 - INFO - ✅ Sent OPEN card for SOL
2026-01-20 03:55:10,262 - INFO - Scan complete. Next scan in 59 minutes
2026-01-20 03:55:10,262 - INFO - ==================================================
2026-01-20 04:54:59,180 - INFO - ==================================================
2026-01-20 04:54:59,182 - INFO - Starting scheduled scan...
2026-01-20 04:54:59,182 - INFO - Scanning BTCUSDT...
2026-01-20 04:55:00,701 - INFO - Scanning SOLUSDT...
2026-01-20 04:55:03,360 - INFO - Scanning ETHUSDT...
2026-01-20 04:55:07,977 - INFO - Scan complete. Next scan in 59 minutes
2026-01-20 04:55:07,977 - INFO - ==================================================
2026-01-20 05:54:59,869 - INFO - ==================================================
2026-01-20 05:54:59,872 - INFO - Starting scheduled scan...
2026-01-20 05:54:59,872 - INFO - Scanning BTCUSDT...
2026-01-20 05:55:01,568 - INFO - Scanning SOLUSDT...
2026-01-20 05:55:03,992 - INFO - Scanning ETHUSDT...
2026-01-20 05:55:08,739 - INFO - Scan complete. Next scan in 59 minutes
2026-01-20 05:55:08,739 - INFO - ==================================================
2026-01-20 06:54:59,665 - INFO - ==================================================
2026-01-20 06:54:59,666 - INFO - Starting scheduled scan...
2026-01-20 06:54:59,667 - INFO - Scanning BTCUSDT...
2026-01-20 06:55:01,425 - INFO - Scanning SOLUSDT...
2026-01-20 06:55:03,613 - INFO - Scanning ETHUSDT...
2026-01-20 06:55:08,234 - INFO - Scan complete. Next scan in 59 minutes
2026-01-20 06:55:08,235 - INFO - ==================================================
2026-01-20 07:54:59,140 - INFO - ==================================================
2026-01-20 07:54:59,143 - INFO - Starting scheduled scan...
2026-01-20 07:54:59,143 - INFO - Scanning BTCUSDT...
2026-01-20 07:55:00,780 - INFO - Scanning SOLUSDT...
2026-01-20 07:55:03,046 - INFO - Scanning ETHUSDT...
2026-01-20 07:55:07,893 - INFO - Scan complete. Next scan in 59 minutes
2026-01-20 07:55:07,894 - INFO - ==================================================
2026-01-20 08:54:59,953 - INFO - ==================================================
2026-01-20 08:54:59,955 - INFO - Starting scheduled scan...
2026-01-20 08:54:59,956 - INFO - Scanning BTCUSDT...
2026-01-20 08:55:01,646 - INFO - Scanning SOLUSDT...
2026-01-20 08:55:04,008 - INFO - Scanning ETHUSDT...
2026-01-20 08:55:07,660 - INFO - ✅ Sent ENTRY card for ETH
2026-01-20 08:55:07,934 - INFO - ✅ Sent OPEN card for ETH
2026-01-20 08:55:09,650 - INFO - Scan complete. Next scan in 59 minutes
2026-01-20 08:55:09,650 - INFO - ==================================================
2026-01-20 09:54:59,610 - INFO - ==================================================
2026-01-20 09:54:59,614 - INFO - Starting scheduled scan...
2026-01-20 09:54:59,614 - INFO - Scanning BTCUSDT...
2026-01-20 09:55:01,333 - INFO - Trade BTCUSDT_short_HIGH_91955 still valid
2026-01-20 09:55:02,338 - INFO - Scanning SOLUSDT...
2026-01-20 09:55:03,786 - INFO - Trade SOLUSDT_long_LOW_130 still valid
2026-01-20 09:55:04,790 - INFO - Scanning ETHUSDT...
2026-01-20 09:55:06,233 - INFO - Trade ETHUSDT_long_LOW_3050 still valid
2026-01-20 09:55:09,162 - INFO - ✅ Sent hourly update card
2026-01-20 09:55:09,168 - INFO - Scan complete. Next scan in 59 minutes
2026-01-20 09:55:09,169 - INFO - ==================================================
2026-01-20 10:54:59,387 - INFO - ==================================================
2026-01-20 10:54:59,394 - INFO - Starting scheduled scan...
2026-01-20 10:54:59,394 - INFO - Scanning BTCUSDT...
2026-01-20 10:55:01,170 - INFO - Scanning SOLUSDT...
2026-01-20 10:55:03,365 - INFO - Scanning ETHUSDT...
2026-01-20 10:55:05,876 - INFO - Trade ETHUSDT_long_LOW_3050 still valid
2026-01-20 10:55:07,132 - INFO - ✅ Sent hourly update card
2026-01-20 10:55:07,139 - INFO - Scan complete. Next scan in 59 minutes
2026-01-20 10:55:07,139 - INFO - ==================================================
2026-01-20 11:54:59,289 - INFO - ==================================================
2026-01-20 11:54:59,294 - INFO - Starting scheduled scan...
2026-01-20 11:54:59,295 - INFO - Scanning BTCUSDT...
2026-01-20 11:55:00,912 - INFO - Scanning SOLUSDT...
2026-01-20 11:55:03,534 - INFO - Scanning ETHUSDT...
2026-01-20 11:55:05,852 - INFO - Scan complete. Next scan in 59 minutes
2026-01-20 11:55:05,852 - INFO - ==================================================
2026-01-20 12:55:00,057 - INFO - ==================================================
2026-01-20 12:55:00,061 - INFO - Starting scheduled scan...
2026-01-20 12:55:00,064 - INFO - Scanning BTCUSDT...
2026-01-20 12:55:01,740 - INFO - Trade BTCUSDT_short_HIGH_91955 still valid
2026-01-20 12:55:02,745 - INFO - Scanning SOLUSDT...
2026-01-20 12:55:04,307 - INFO - Scanning ETHUSDT...
2026-01-20 12:55:07,815 - INFO - ✅ Sent hourly update card
2026-01-20 12:55:07,823 - INFO - Scan complete. Next scan in 59 minutes
2026-01-20 12:55:07,823 - INFO - ==================================================
2026-01-20 13:54:59,886 - INFO - ==================================================
2026-01-20 13:54:59,893 - INFO - Starting scheduled scan...
2026-01-20 13:54:59,894 - INFO - Scanning BTCUSDT...
2026-01-20 13:55:01,685 - INFO - Scanning SOLUSDT...
2026-01-20 13:55:03,808 - INFO - Scanning ETHUSDT...
2026-01-20 13:55:06,233 - INFO - Scan complete. Next scan in 59 minutes
2026-01-20 13:55:06,233 - INFO - ==================================================
2026-01-20 14:54:59,498 - INFO - ==================================================
2026-01-20 14:54:59,503 - INFO - Starting scheduled scan...
2026-01-20 14:54:59,504 - INFO - Scanning BTCUSDT...
2026-01-20 14:55:01,154 - INFO - Trade BTCUSDT_short_HIGH_91955 still valid
2026-01-20 14:55:02,156 - INFO - Scanning SOLUSDT...
2026-01-20 14:55:03,840 - INFO - Scanning ETHUSDT...
2026-01-20 14:55:06,495 - INFO - ✅ Sent hourly update card
2026-01-20 14:55:06,500 - INFO - Scan complete. Next scan in 59 minutes
2026-01-20 14:55:06,500 - INFO - ==================================================
2026-01-20 15:54:59,640 - INFO - ==================================================
2026-01-20 15:54:59,643 - INFO - Starting scheduled scan...
2026-01-20 15:54:59,643 - INFO - Scanning BTCUSDT...
2026-01-20 15:55:01,062 - INFO - Trade BTCUSDT_short_HIGH_91955 still valid
2026-01-20 15:55:02,066 - INFO - Scanning SOLUSDT...
2026-01-20 15:55:04,069 - INFO - Scanning ETHUSDT...
2026-01-20 15:55:06,400 - INFO - ✅ Sent hourly update card
2026-01-20 15:55:06,405 - INFO - Scan complete. Next scan in 59 minutes
2026-01-20 15:55:06,405 - INFO - ==================================================
2026-01-20 16:54:59,528 - INFO - ==================================================
2026-01-20 16:54:59,531 - INFO - Starting scheduled scan...
2026-01-20 16:54:59,531 - INFO - Scanning BTCUSDT...
2026-01-20 16:55:01,065 - INFO - Scanning SOLUSDT...
2026-01-20 16:55:03,485 - INFO - Scanning ETHUSDT...
2026-01-20 16:55:05,996 - INFO - Scan complete. Next scan in 59 minutes
2026-01-20 16:55:05,997 - INFO - ==================================================
2026-01-20 17:55:00,121 - INFO - ==================================================
2026-01-20 17:55:00,125 - INFO - Starting scheduled scan...
2026-01-20 17:55:00,125 - INFO - Scanning BTCUSDT...
2026-01-20 17:55:01,769 - INFO - New signal: BTCUSDT_long_LOW_89225
2026-01-20 17:55:02,779 - INFO - Scanning SOLUSDT...
2026-01-20 17:55:04,265 - INFO - Scanning ETHUSDT...
2026-01-20 17:55:07,185 - INFO - ✅ Sent SETUP card for BTC
2026-01-20 17:55:08,562 - INFO - ✅ Sent ENTRY card for BTC
2026-01-20 17:55:08,771 - INFO - ✅ Sent OPEN card for BTC
2026-01-20 17:55:09,452 - INFO - Scan complete. Next scan in 59 minutes
2026-01-20 17:55:09,452 - INFO - ==================================================
2026-01-20 18:54:59,564 - INFO - ==================================================
2026-01-20 18:54:59,568 - INFO - Starting scheduled scan...
2026-01-20 18:54:59,569 - INFO - Scanning BTCUSDT...
2026-01-20 18:55:01,264 - INFO - Scanning SOLUSDT...
2026-01-20 18:55:03,584 - INFO - Scanning ETHUSDT...
2026-01-20 18:55:07,175 - INFO - Scan complete. Next scan in 59 minutes
2026-01-20 18:55:07,176 - INFO - ==================================================
2026-01-20 19:54:59,378 - INFO - ==================================================
2026-01-20 19:54:59,383 - INFO - Starting scheduled scan...
2026-01-20 19:54:59,383 - INFO - Scanning BTCUSDT...
2026-01-20 19:55:01,151 - INFO - Scanning SOLUSDT...
2026-01-20 19:55:03,298 - INFO - Scanning ETHUSDT...
2026-01-20 19:55:06,776 - INFO - Trade ETHUSDT_long_LOW_3050 still valid
2026-01-20 19:55:08,229 - INFO - ✅ Sent hourly update card
2026-01-20 19:55:08,658 - INFO - Scan complete. Next scan in 59 minutes
2026-01-20 19:55:08,659 - INFO - ==================================================
2026-01-20 20:54:59,682 - INFO - ==================================================
2026-01-20 20:54:59,689 - INFO - Starting scheduled scan...
2026-01-20 20:54:59,689 - INFO - Scanning BTCUSDT...
2026-01-20 20:55:01,322 - INFO - Scanning SOLUSDT...
2026-01-20 20:55:03,804 - INFO - Scanning ETHUSDT...
2026-01-20 20:55:07,331 - INFO - Scan complete. Next scan in 59 minutes
2026-01-20 20:55:07,331 - INFO - ==================================================
2026-01-20 21:54:59,559 - INFO - ==================================================
2026-01-20 21:54:59,567 - INFO - Starting scheduled scan...
2026-01-20 21:54:59,568 - INFO - Scanning BTCUSDT...
2026-01-20 21:55:01,498 - INFO - Scanning SOLUSDT...
2026-01-20 21:55:04,086 - INFO - Scanning ETHUSDT...
2026-01-20 21:55:07,279 - INFO - Scan complete. Next scan in 59 minutes
2026-01-20 21:55:07,279 - INFO - ==================================================
2026-01-20 22:54:59,368 - INFO - ==================================================
2026-01-20 22:54:59,373 - INFO - Starting scheduled scan...
2026-01-20 22:54:59,375 - INFO - Scanning BTCUSDT...
2026-01-20 22:55:01,057 - INFO - Scanning SOLUSDT...
2026-01-20 22:55:03,396 - INFO - Scanning ETHUSDT...
2026-01-20 22:55:06,967 - INFO - Scan complete. Next scan in 59 minutes
2026-01-20 22:55:06,968 - INFO - ==================================================
2026-01-20 23:55:00,146 - INFO - ==================================================
2026-01-20 23:55:00,153 - INFO - Starting scheduled scan...
2026-01-20 23:55:00,154 - INFO - Scanning BTCUSDT...
2026-01-20 23:55:01,909 - INFO - Scanning SOLUSDT...
2026-01-20 23:55:04,156 - INFO - Scanning ETHUSDT...
2026-01-20 23:55:07,530 - INFO - Scan complete. Next scan in 59 minutes
2026-01-20 23:55:07,530 - INFO - ==================================================
2026-01-21 00:54:59,618 - INFO - ==================================================
2026-01-21 00:54:59,622 - INFO - Starting scheduled scan...
2026-01-21 00:54:59,623 - INFO - Scanning BTCUSDT...
2026-01-21 00:55:01,078 - INFO - Scanning SOLUSDT...
2026-01-21 00:55:03,644 - INFO - Scanning ETHUSDT...
2026-01-21 00:55:07,105 - INFO - Scan complete. Next scan in 59 minutes
2026-01-21 00:55:07,106 - INFO - ==================================================
2026-01-21 01:54:59,322 - INFO - ==================================================
2026-01-21 01:54:59,325 - INFO - Starting scheduled scan...
2026-01-21 01:54:59,327 - INFO - Scanning BTCUSDT...
2026-01-21 01:55:01,007 - INFO - Scanning SOLUSDT...
2026-01-21 01:55:03,282 - INFO - Scanning ETHUSDT...
2026-01-21 01:55:06,689 - INFO - Scan complete. Next scan in 59 minutes
2026-01-21 01:55:06,691 - INFO - ==================================================
2026-01-21 02:54:59,793 - INFO - ==================================================
2026-01-21 02:54:59,797 - INFO - Starting scheduled scan...
2026-01-21 02:54:59,798 - INFO - Scanning BTCUSDT...
2026-01-21 02:55:01,414 - INFO - Scanning SOLUSDT...
2026-01-21 02:55:03,713 - INFO - Scanning ETHUSDT...
2026-01-21 02:55:07,344 - INFO - Scan complete. Next scan in 59 minutes
2026-01-21 02:55:07,346 - INFO - ==================================================
2026-01-21 03:54:59,494 - INFO - ==================================================
2026-01-21 03:54:59,504 - INFO - Starting scheduled scan...
2026-01-21 03:54:59,504 - INFO - Scanning BTCUSDT...
2026-01-21 03:55:01,119 - INFO - Scanning SOLUSDT...
2026-01-21 03:55:03,420 - INFO - Scanning ETHUSDT...
2026-01-21 03:55:06,881 - INFO - Scan complete. Next scan in 59 minutes
2026-01-21 03:55:06,881 - INFO - ==================================================
2026-01-21 04:54:59,968 - INFO - ==================================================
2026-01-21 04:54:59,976 - INFO - Starting scheduled scan...
2026-01-21 04:54:59,977 - INFO - Scanning BTCUSDT...
2026-01-21 04:55:01,694 - INFO - Scanning SOLUSDT...
2026-01-21 04:55:04,084 - INFO - Scanning ETHUSDT...
2026-01-21 04:55:07,377 - INFO - Scan complete. Next scan in 59 minutes
2026-01-21 04:55:07,378 - INFO - ==================================================
2026-01-21 05:54:59,527 - INFO - ==================================================
2026-01-21 05:54:59,530 - INFO - Starting scheduled scan...
2026-01-21 05:54:59,534 - INFO - Scanning BTCUSDT...
2026-01-21 05:55:01,189 - INFO - Scanning SOLUSDT...
2026-01-21 05:55:03,425 - INFO - Scanning ETHUSDT...
2026-01-21 05:55:07,121 - INFO - Scan complete. Next scan in 59 minutes
2026-01-21 05:55:07,122 - INFO - ==================================================
